c:\users\mikek_000\source\repos\fantastictowns\mygames\breaker\debug\vc140.pdb
c:\users\mikek_000\source\repos\fantastictowns\mygames\breaker\debug\vc140.idb
c:\users\mikek_000\source\repos\fantastictowns\mygames\breaker\debug\game.obj
c:\users\mikek_000\source\repos\fantastictowns\mygames\breaker\debug\gameentity.obj
c:\users\mikek_000\source\repos\fantastictowns\mygames\breaker\debug\graphicbreaker.obj
c:\users\mikek_000\source\repos\fantastictowns\mygames\breaker\debug\initstate.obj
c:\users\mikek_000\source\repos\fantastictowns\mygames\breaker\debug\mainmenustate.obj
c:\users\mikek_000\source\repos\fantastictowns\mygames\breaker\debug\map.obj
c:\users\mikek_000\source\repos\fantastictowns\mygames\breaker\debug\main.obj
c:\users\mikek_000\source\repos\fantastictowns\mygames\breaker\debug\pregamestate.obj
c:\users\mikek_000\source\repos\fantastictowns\mygames\breaker\debug\settingsstate.obj
c:\users\mikek_000\source\repos\fantastictowns\mygames\breaker\debug\endstate.obj
c:\users\mikek_000\source\repos\fantastictowns\mygames\breaker\debug\resourcemanager.obj
c:\users\mikek_000\source\repos\fantastictowns\mygames\breaker\debug\locator.obj
c:\users\mikek_000\source\repos\fantastictowns\mygames\breaker\debug\sfbutton.obj
c:\users\mikek_000\source\repos\fantastictowns\mygames\breaker\debug\sfmlgraphics.obj
c:\users\mikek_000\source\repos\fantastictowns\mygames\breaker\debug\breaker.res
c:\users\mikek_000\source\repos\fantastictowns\mygames\debug\breaker.pdb
c:\users\mikek_000\source\repos\fantastictowns\mygames\breaker\debug\breaker.tlog\cl.command.1.tlog
c:\users\mikek_000\source\repos\fantastictowns\mygames\breaker\debug\breaker.tlog\cl.read.1.tlog
c:\users\mikek_000\source\repos\fantastictowns\mygames\breaker\debug\breaker.tlog\cl.write.1.tlog
c:\users\mikek_000\source\repos\fantastictowns\mygames\breaker\debug\breaker.tlog\link-cvtres.read.1.tlog
c:\users\mikek_000\source\repos\fantastictowns\mygames\breaker\debug\breaker.tlog\link-cvtres.write.1.tlog
c:\users\mikek_000\source\repos\fantastictowns\mygames\breaker\debug\breaker.tlog\link-rc.read.1.tlog
c:\users\mikek_000\source\repos\fantastictowns\mygames\breaker\debug\breaker.tlog\link-rc.write.1.tlog
c:\users\mikek_000\source\repos\fantastictowns\mygames\breaker\debug\breaker.tlog\link.57176-cvtres.read.1.tlog
c:\users\mikek_000\source\repos\fantastictowns\mygames\breaker\debug\breaker.tlog\link.57176-cvtres.write.1.tlog
c:\users\mikek_000\source\repos\fantastictowns\mygames\breaker\debug\breaker.tlog\link.57176-rc.read.1.tlog
c:\users\mikek_000\source\repos\fantastictowns\mygames\breaker\debug\breaker.tlog\link.57176-rc.write.1.tlog
c:\users\mikek_000\source\repos\fantastictowns\mygames\breaker\debug\breaker.tlog\link.57176.read.1.tlog
c:\users\mikek_000\source\repos\fantastictowns\mygames\breaker\debug\breaker.tlog\link.57176.write.1.tlog
c:\users\mikek_000\source\repos\fantastictowns\mygames\breaker\debug\breaker.tlog\link.command.1.tlog
c:\users\mikek_000\source\repos\fantastictowns\mygames\breaker\debug\breaker.tlog\link.read.1.tlog
c:\users\mikek_000\source\repos\fantastictowns\mygames\breaker\debug\breaker.tlog\link.write.1.tlog
c:\users\mikek_000\source\repos\fantastictowns\mygames\breaker\debug\breaker.tlog\rc.command.1.tlog
c:\users\mikek_000\source\repos\fantastictowns\mygames\breaker\debug\breaker.tlog\rc.read.1.tlog
c:\users\mikek_000\source\repos\fantastictowns\mygames\breaker\debug\breaker.tlog\rc.write.1.tlog
